
  .   ____          _            __ _ _
 /\\ / ___'_ __ _ _(_)_ __  __ _ \ \ \ \
( ( )\___ | '_ | '_| | '_ \/ _` | \ \ \ \
 \\/  ___)| |_)| | | | | || (_| |  ) ) ) )
  '  |____| .__|_| |_|_| |_\__, | / / / /
 =========|_|==============|___/=/_/_/_/

 :: Spring Boot ::                (v3.5.7)

2025-11-18T09:49:23.220-03:00  INFO 7996 --- [ai] [           main] com.adotematch.ai.Application            : Starting Application v0.0.1-SNAPSHOT using Java 21.0.4 with PID 7996 (C:\Users\Artur\Desktop\RestAPI_AdoteAI\adoteai_restapi-springboot\target\ai-0.0.1-SNAPSHOT.jar started by DESKTOP-P77NK0H$ in C:\Users\Artur\Desktop\RestAPI_AdoteAI\adoteai_restapi-springboot)
2025-11-18T09:49:23.228-03:00  INFO 7996 --- [ai] [           main] com.adotematch.ai.Application            : No active profile set, falling back to 1 default profile: "default"
2025-11-18T09:49:25.081-03:00  INFO 7996 --- [ai] [           main] .s.d.r.c.RepositoryConfigurationDelegate : Bootstrapping Spring Data JPA repositories in DEFAULT mode.
2025-11-18T09:49:25.113-03:00  INFO 7996 --- [ai] [           main] .s.d.r.c.RepositoryConfigurationDelegate : Finished Spring Data repository scanning in 18 ms. Found 0 JPA repository interfaces.
2025-11-18T09:49:25.942-03:00  INFO 7996 --- [ai] [           main] o.s.b.w.embedded.tomcat.TomcatWebServer  : Tomcat initialized with port 8080 (http)
2025-11-18T09:49:25.976-03:00  INFO 7996 --- [ai] [           main] o.apache.catalina.core.StandardService   : Starting service [Tomcat]
2025-11-18T09:49:25.976-03:00  INFO 7996 --- [ai] [           main] o.apache.catalina.core.StandardEngine    : Starting Servlet engine: [Apache Tomcat/10.1.48]
2025-11-18T09:49:26.019-03:00  INFO 7996 --- [ai] [           main] o.a.c.c.C.[Tomcat].[localhost].[/]       : Initializing Spring embedded WebApplicationContext
2025-11-18T09:49:26.020-03:00  INFO 7996 --- [ai] [           main] w.s.c.ServletWebServerApplicationContext : Root WebApplicationContext: initialization completed in 2690 ms
2025-11-18T09:49:26.743-03:00  INFO 7996 --- [ai] [           main] o.hibernate.jpa.internal.util.LogHelper  : HHH000204: Processing PersistenceUnitInfo [name: default]
2025-11-18T09:49:26.861-03:00  INFO 7996 --- [ai] [           main] org.hibernate.Version                    : HHH000412: Hibernate ORM core version 6.6.33.Final
2025-11-18T09:49:26.932-03:00  INFO 7996 --- [ai] [           main] o.h.c.internal.RegionFactoryInitiator    : HHH000026: Second-level cache disabled
2025-11-18T09:49:27.371-03:00  INFO 7996 --- [ai] [           main] o.s.o.j.p.SpringPersistenceUnitInfo      : No LoadTimeWeaver setup: ignoring JPA class transformer
2025-11-18T09:49:27.429-03:00  INFO 7996 --- [ai] [           main] com.zaxxer.hikari.HikariDataSource       : HikariPool - Starting...
2025-11-18T09:49:32.154-03:00  INFO 7996 --- [ai] [           main] com.zaxxer.hikari.pool.HikariPool        : HikariPool - Added connection org.postgresql.jdbc.PgConnection@5c33008f
2025-11-18T09:49:32.157-03:00  INFO 7996 --- [ai] [           main] com.zaxxer.hikari.HikariDataSource       : HikariPool - Start completed.
2025-11-18T09:49:32.391-03:00  WARN 7996 --- [ai] [           main] org.hibernate.orm.deprecation            : HHH90000025: PostgreSQLDialect does not need to be specified explicitly using 'hibernate.dialect' (remove the property setting and it will be selected by default)
2025-11-18T09:49:32.842-03:00  INFO 7996 --- [ai] [           main] org.hibernate.orm.connections.pooling    : HHH10001005: Database info:
	Database JDBC URL [Connecting through datasource 'HikariDataSource (HikariPool)']
	Database driver: undefined/unknown
	Database version: 17.5
	Autocommit mode: undefined/unknown
	Isolation level: undefined/unknown
	Minimum pool size: undefined/unknown
	Maximum pool size: undefined/unknown
2025-11-18T09:49:33.383-03:00  INFO 7996 --- [ai] [           main] o.h.e.t.j.p.i.JtaPlatformInitiator       : HHH000489: No JTA platform available (set 'hibernate.transaction.jta.platform' to enable JTA platform integration)
2025-11-18T09:49:33.388-03:00  INFO 7996 --- [ai] [           main] j.LocalContainerEntityManagerFactoryBean : Initialized JPA EntityManagerFactory for persistence unit 'default'
2025-11-18T09:49:33.446-03:00  WARN 7996 --- [ai] [           main] JpaBaseConfiguration$JpaWebConfiguration : spring.jpa.open-in-view is enabled by default. Therefore, database queries may be performed during view rendering. Explicitly configure spring.jpa.open-in-view to disable this warning
2025-11-18T09:49:33.492-03:00  INFO 7996 --- [ai] [           main] o.s.b.a.w.s.WelcomePageHandlerMapping    : Adding welcome page: class path resource [static/index.html]
2025-11-18T09:49:34.046-03:00  INFO 7996 --- [ai] [           main] o.s.b.w.embedded.tomcat.TomcatWebServer  : Tomcat started on port 8080 (http) with context path '/'
2025-11-18T09:49:34.060-03:00  INFO 7996 --- [ai] [           main] com.adotematch.ai.Application            : Started Application in 11.787 seconds (process running for 13.496)
2025-11-18T14:11:24.376-03:00  INFO 7996 --- [ai] [ionShutdownHook] o.s.b.w.e.tomcat.GracefulShutdown        : Commencing graceful shutdown. Waiting for active requests to complete
2025-11-18T14:11:24.401-03:00  INFO 7996 --- [ai] [tomcat-shutdown] o.s.b.w.e.tomcat.GracefulShutdown        : Graceful shutdown complete
2025-11-18T14:11:24.429-03:00  INFO 7996 --- [ai] [ionShutdownHook] j.LocalContainerEntityManagerFactoryBean : Closing JPA EntityManagerFactory for persistence unit 'default'
2025-11-18T14:11:24.461-03:00  INFO 7996 --- [ai] [ionShutdownHook] com.zaxxer.hikari.HikariDataSource       : HikariPool - Shutdown initiated...
2025-11-18T14:11:24.612-03:00  INFO 7996 --- [ai] [ionShutdownHook] com.zaxxer.hikari.HikariDataSource       : HikariPool - Shutdown completed.
