
  .   ____          _            __ _ _
 /\\ / ___'_ __ _ _(_)_ __  __ _ \ \ \ \
( ( )\___ | '_ | '_| | '_ \/ _` | \ \ \ \
 \\/  ___)| |_)| | | | | || (_| |  ) ) ) )
  '  |____| .__|_| |_|_| |_\__, | / / / /
 =========|_|==============|___/=/_/_/_/

 :: Spring Boot ::                (v3.5.7)

2025-11-14T22:19:46.194-03:00  INFO 10172 --- [ai] [           main] com.adotematch.ai.Application            : Starting Application v0.0.1-SNAPSHOT using Java 21.0.4 with PID 10172 (C:\Users\Artur\Desktop\RestAPI_AdoteAI\adoteai_restapi-springboot\target\ai-0.0.1-SNAPSHOT.jar started by DESKTOP-P77NK0H$ in C:\Users\Artur\Desktop\RestAPI_AdoteAI\adoteai_restapi-springboot)
2025-11-14T22:19:46.197-03:00  INFO 10172 --- [ai] [           main] com.adotematch.ai.Application            : No active profile set, falling back to 1 default profile: "default"
2025-11-14T22:19:47.121-03:00  INFO 10172 --- [ai] [           main] .s.d.r.c.RepositoryConfigurationDelegate : Bootstrapping Spring Data JPA repositories in DEFAULT mode.
2025-11-14T22:19:47.148-03:00  INFO 10172 --- [ai] [           main] .s.d.r.c.RepositoryConfigurationDelegate : Finished Spring Data repository scanning in 16 ms. Found 0 JPA repository interfaces.
2025-11-14T22:19:47.705-03:00  INFO 10172 --- [ai] [           main] o.s.b.w.embedded.tomcat.TomcatWebServer  : Tomcat initialized with port 8080 (http)
2025-11-14T22:19:47.725-03:00  INFO 10172 --- [ai] [           main] o.apache.catalina.core.StandardService   : Starting service [Tomcat]
2025-11-14T22:19:47.726-03:00  INFO 10172 --- [ai] [           main] o.apache.catalina.core.StandardEngine    : Starting Servlet engine: [Apache Tomcat/10.1.48]
2025-11-14T22:19:47.759-03:00  INFO 10172 --- [ai] [           main] o.a.c.c.C.[Tomcat].[localhost].[/]       : Initializing Spring embedded WebApplicationContext
2025-11-14T22:19:47.761-03:00  INFO 10172 --- [ai] [           main] w.s.c.ServletWebServerApplicationContext : Root WebApplicationContext: initialization completed in 1497 ms
2025-11-14T22:19:48.118-03:00  INFO 10172 --- [ai] [           main] o.hibernate.jpa.internal.util.LogHelper  : HHH000204: Processing PersistenceUnitInfo [name: default]
2025-11-14T22:19:48.184-03:00  INFO 10172 --- [ai] [           main] org.hibernate.Version                    : HHH000412: Hibernate ORM core version 6.6.33.Final
2025-11-14T22:19:48.224-03:00  INFO 10172 --- [ai] [           main] o.h.c.internal.RegionFactoryInitiator    : HHH000026: Second-level cache disabled
2025-11-14T22:19:48.547-03:00  INFO 10172 --- [ai] [           main] o.s.o.j.p.SpringPersistenceUnitInfo      : No LoadTimeWeaver setup: ignoring JPA class transformer
2025-11-14T22:19:48.601-03:00  INFO 10172 --- [ai] [           main] com.zaxxer.hikari.HikariDataSource       : HikariPool - Starting...
2025-11-14T22:19:50.402-03:00  INFO 10172 --- [ai] [           main] com.zaxxer.hikari.pool.HikariPool        : HikariPool - Added connection org.postgresql.jdbc.PgConnection@300bb303
2025-11-14T22:19:50.404-03:00  INFO 10172 --- [ai] [           main] com.zaxxer.hikari.HikariDataSource       : HikariPool - Start completed.
2025-11-14T22:19:50.580-03:00  WARN 10172 --- [ai] [           main] org.hibernate.orm.deprecation            : HHH90000025: PostgreSQLDialect does not need to be specified explicitly using 'hibernate.dialect' (remove the property setting and it will be selected by default)
2025-11-14T22:19:51.037-03:00  INFO 10172 --- [ai] [           main] org.hibernate.orm.connections.pooling    : HHH10001005: Database info:
	Database JDBC URL [Connecting through datasource 'HikariDataSource (HikariPool)']
	Database driver: undefined/unknown
	Database version: 17.5
	Autocommit mode: undefined/unknown
	Isolation level: undefined/unknown
	Minimum pool size: undefined/unknown
	Maximum pool size: undefined/unknown
2025-11-14T22:19:51.346-03:00  INFO 10172 --- [ai] [           main] o.h.e.t.j.p.i.JtaPlatformInitiator       : HHH000489: No JTA platform available (set 'hibernate.transaction.jta.platform' to enable JTA platform integration)
2025-11-14T22:19:51.351-03:00  INFO 10172 --- [ai] [           main] j.LocalContainerEntityManagerFactoryBean : Initialized JPA EntityManagerFactory for persistence unit 'default'
2025-11-14T22:19:51.398-03:00  WARN 10172 --- [ai] [           main] JpaBaseConfiguration$JpaWebConfiguration : spring.jpa.open-in-view is enabled by default. Therefore, database queries may be performed during view rendering. Explicitly configure spring.jpa.open-in-view to disable this warning
2025-11-14T22:19:51.426-03:00  INFO 10172 --- [ai] [           main] o.s.b.a.w.s.WelcomePageHandlerMapping    : Adding welcome page: class path resource [static/index.html]
2025-11-14T22:19:51.806-03:00  INFO 10172 --- [ai] [           main] o.s.b.w.embedded.tomcat.TomcatWebServer  : Tomcat started on port 8080 (http) with context path '/'
2025-11-14T22:19:51.815-03:00  INFO 10172 --- [ai] [           main] com.adotematch.ai.Application            : Started Application in 6.225 seconds (process running for 6.894)
2025-11-14T22:20:23.475-03:00  INFO 10172 --- [ai] [nio-8080-exec-1] o.a.c.c.C.[Tomcat].[localhost].[/]       : Initializing Spring DispatcherServlet 'dispatcherServlet'
2025-11-14T22:20:23.475-03:00  INFO 10172 --- [ai] [nio-8080-exec-1] o.s.web.servlet.DispatcherServlet        : Initializing Servlet 'dispatcherServlet'
2025-11-14T22:20:23.476-03:00  INFO 10172 --- [ai] [nio-8080-exec-1] o.s.web.servlet.DispatcherServlet        : Completed initialization in 1 ms
2025-11-14T23:22:16.586-03:00  WARN 10172 --- [ai] [ool:housekeeper] com.zaxxer.hikari.pool.HikariPool        : HikariPool - Thread starvation or clock leap detected (housekeeper delta=55s153ms644µs200ns).
2025-11-14T23:22:27.594-03:00  WARN 10172 --- [ai] [ool:housekeeper] com.zaxxer.hikari.pool.PoolBase          : HikariPool - Failed to validate connection org.postgresql.jdbc.PgConnection@5b19d192 (This connection has been closed.). Possibly consider using a shorter maxLifetime value.
2025-11-14T23:37:52.109-03:00  WARN 10172 --- [ai] [ool:housekeeper] com.zaxxer.hikari.pool.HikariPool        : HikariPool - Thread starvation or clock leap detected (housekeeper delta=1m1s573ms152µs900ns).
2025-11-14T23:53:58.527-03:00  WARN 10172 --- [ai] [ool:housekeeper] com.zaxxer.hikari.pool.HikariPool        : HikariPool - Thread starvation or clock leap detected (housekeeper delta=1m6s319ms224µs900ns).
2025-11-15T00:10:15.840-03:00  WARN 10172 --- [ai] [ool:housekeeper] com.zaxxer.hikari.pool.HikariPool        : HikariPool - Thread starvation or clock leap detected (housekeeper delta=1m17s162ms324µs800ns).
2025-11-15T00:10:25.640-03:00  WARN 10172 --- [ai] [ool:housekeeper] com.zaxxer.hikari.pool.PoolBase          : HikariPool - Failed to validate connection org.postgresql.jdbc.PgConnection@73e3ce2f (This connection has been closed.). Possibly consider using a shorter maxLifetime value.
2025-11-15T00:18:03.940-03:00  INFO 10172 --- [ai] [ionShutdownHook] o.s.b.w.e.tomcat.GracefulShutdown        : Commencing graceful shutdown. Waiting for active requests to complete
2025-11-15T00:18:03.950-03:00  INFO 10172 --- [ai] [tomcat-shutdown] o.s.b.w.e.tomcat.GracefulShutdown        : Graceful shutdown complete
2025-11-15T00:18:03.976-03:00  INFO 10172 --- [ai] [ionShutdownHook] j.LocalContainerEntityManagerFactoryBean : Closing JPA EntityManagerFactory for persistence unit 'default'
2025-11-15T00:18:03.996-03:00  INFO 10172 --- [ai] [ionShutdownHook] com.zaxxer.hikari.HikariDataSource       : HikariPool - Shutdown initiated...
2025-11-15T00:18:04.148-03:00  INFO 10172 --- [ai] [ionShutdownHook] com.zaxxer.hikari.HikariDataSource       : HikariPool - Shutdown completed.
